<?xml version="1.0" encoding="UTF-8"?>
<testng-results skipped="0" failed="0" total="1" passed="1">
  <reporter-output>
  </reporter-output>
  <suite name="Default suite" duration-ms="206" started-at="2016-09-13T11:57:59Z" finished-at="2016-09-13T11:57:59Z">
    <groups>
    </groups>
    <test name="Default test" duration-ms="206" started-at="2016-09-13T11:57:59Z" finished-at="2016-09-13T11:57:59Z">
      <class name="domain.repository.ItemStoreTest">
        <test-method status="PASS" signature="setup()[pri:0, instance:domain.repository.ItemStoreTest@589838eb]" name="setup" is-config="true" duration-ms="182" started-at="2016-09-13T13:57:59Z" finished-at="2016-09-13T13:57:59Z">
          <reporter-output>
          </reporter-output>
        </test-method> <!-- setup -->
        <test-method status="PASS" signature="testShouldHandleSession()[pri:0, instance:domain.repository.ItemStoreTest@589838eb]" name="testShouldHandleSession" duration-ms="15" started-at="2016-09-13T13:57:59Z" finished-at="2016-09-13T13:57:59Z">
          <reporter-output>
          </reporter-output>
        </test-method> <!-- testShouldHandleSession -->
      </class> <!-- domain.repository.ItemStoreTest -->
    </test> <!-- Default test -->
  </suite> <!-- Default suite -->
</testng-results>
